TN:
SF:src/modules/appointments/services/CreateAppointmentService.ts
FN:46,__decorate
FN:46,__metadata
FN:46,__param
FN:46,__awaiter
FN:46,adopt
FN:46,fulfilled
FN:46,rejected
FN:46,step
FN:46,__generator
FN:46,sent
FN:46,g.<computed>
FN:46,verb
FN:46,step
FN:46,__importDefault
FN:21,CreateAppointmentService
FN:26,CreateAppointmentService.execute
FNF:16
FNH:14
FNDA:1,__decorate
FNDA:1,__metadata
FNDA:1,__param
FNDA:3,__awaiter
FNDA:5,adopt
FNDA:5,fulfilled
FNDA:0,rejected
FNDA:7,step
FNDA:3,__generator
FNDA:5,sent
FNDA:0,g.<computed>
FNDA:9,verb
FNDA:8,step
FNDA:1,__importDefault
FNDA:2,CreateAppointmentService
FNDA:3,CreateAppointmentService.execute
DA:1,1
DA:2,1
DA:3,1
DA:4,1
DA:5,1
DA:6,1
DA:7,1
DA:8,1
DA:9,1
DA:10,1
DA:11,1
DA:12,1
DA:13,1
DA:14,1
DA:15,1
DA:16,1
DA:17,1
DA:18,1
DA:19,1
DA:20,1
DA:21,1
DA:22,2
DA:23,2
DA:24,2
DA:25,1
DA:26,1
DA:27,3
DA:28,3
DA:29,3
DA:30,3
DA:31,3
DA:32,3
DA:33,3
DA:34,1
DA:35,1
DA:36,2
DA:37,2
DA:38,2
DA:39,2
DA:40,2
DA:41,3
DA:42,3
DA:43,3
DA:44,1
DA:45,1
DA:46,1
LF:46
LH:46
BRDA:46,0,0,1
BRDA:46,1,0,1
BRDA:46,2,0,0
BRDA:46,3,0,0
BRDA:46,4,0,0
BRDA:46,5,0,0
BRDA:46,6,0,1
BRDA:46,7,0,1
BRDA:46,8,0,1
BRDA:46,9,0,3
BRDA:46,10,0,5
BRDA:46,11,0,0
BRDA:46,12,0,3
BRDA:46,13,0,5
BRDA:46,14,0,4
BRDA:46,15,0,1
BRDA:46,16,0,7
BRDA:46,17,0,2
BRDA:46,18,0,5
BRDA:46,19,0,3
BRDA:46,20,0,5
BRDA:46,21,0,0
BRDA:46,22,0,9
BRDA:46,23,0,8
BRDA:46,24,0,8
BRDA:46,25,0,0
BRDA:46,26,0,16
BRDA:46,27,0,0
BRDA:46,28,0,0
BRDA:46,29,0,0
BRDA:46,30,0,0
BRDA:46,31,0,8
BRDA:46,32,0,8
BRDA:46,33,0,5
BRDA:46,34,0,0
BRDA:46,35,0,0
BRDA:46,36,0,3
BRDA:46,37,0,0
BRDA:46,38,0,2
BRDA:46,39,0,0
BRDA:46,40,0,0
BRDA:46,41,0,0
BRDA:46,42,0,0
BRDA:46,43,0,8
BRDA:46,44,0,7
BRDA:46,45,0,1
BRDA:46,46,0,8
BRDA:46,47,0,3
BRDA:46,48,0,1
BRDA:46,49,0,2
BRDA:46,50,0,0
BRDA:46,51,0,1
BRDA:46,52,0,0
BRDA:20,53,0,1
BRDA:21,54,0,2
BRDA:26,55,0,3
BRDA:46,56,0,3
BRDA:46,57,0,8
BRDA:46,58,0,3
BRDA:46,59,0,3
BRDA:33,60,0,1
BRDA:35,61,0,2
BRDA:46,62,0,2
BRF:63
BRH:43
end_of_record
TN:
SF:src/modules/users/services/AuthenticateUserService.ts
FN:75,__decorate
FN:75,__metadata
FN:75,__param
FN:75,__awaiter
FN:75,adopt
FN:75,fulfilled
FN:75,rejected
FN:75,step
FN:75,__generator
FN:75,sent
FN:75,g.<computed>
FN:75,verb
FN:75,step
FN:75,__importDefault
FN:23,AuthenticateUserService
FN:31,AuthenticateUserService.execute
FNF:16
FNH:14
FNDA:1,__decorate
FNDA:1,__metadata
FNDA:2,__param
FNDA:1,__awaiter
FNDA:2,adopt
FNDA:2,fulfilled
FNDA:0,rejected
FNDA:3,step
FNDA:1,__generator
FNDA:2,sent
FNDA:0,g.<computed>
FNDA:3,verb
FNDA:3,step
FNDA:2,__importDefault
FNDA:1,AuthenticateUserService
FNDA:1,AuthenticateUserService.execute
DA:1,1
DA:2,1
DA:3,1
DA:4,1
DA:5,1
DA:6,1
DA:7,1
DA:8,1
DA:9,1
DA:10,1
DA:11,1
DA:12,1
DA:13,1
DA:14,1
DA:15,1
DA:16,1
DA:17,1
DA:18,1
DA:19,1
DA:20,1
DA:21,1
DA:22,1
DA:23,1
DA:24,1
DA:25,1
DA:26,1
DA:27,1
DA:28,1
DA:29,1
DA:30,1
DA:31,1
DA:32,1
DA:33,1
DA:34,1
DA:35,0
DA:36,0
DA:37,0
DA:38,0
DA:39,1
DA:40,1
DA:41,1
DA:42,1
DA:43,1
DA:44,1
DA:45,1
DA:46,1
DA:47,1
DA:48,0
DA:49,0
DA:50,1
DA:51,1
DA:52,1
DA:53,1
DA:54,1
DA:55,1
DA:56,1
DA:57,1
DA:58,1
DA:59,1
DA:60,1
DA:61,1
DA:62,1
DA:63,1
DA:64,1
DA:65,1
DA:66,1
DA:67,1
DA:68,1
DA:69,1
DA:70,1
DA:71,1
DA:72,1
DA:73,1
DA:74,1
DA:75,1
LF:75
LH:69
BRDA:75,0,0,1
BRDA:75,1,0,1
BRDA:75,2,0,0
BRDA:75,3,0,0
BRDA:75,4,0,0
BRDA:75,5,0,0
BRDA:75,6,0,1
BRDA:75,7,0,2
BRDA:75,8,0,2
BRDA:75,9,0,1
BRDA:75,10,0,2
BRDA:75,11,0,0
BRDA:75,12,0,1
BRDA:75,13,0,2
BRDA:75,14,0,0
BRDA:75,15,0,3
BRDA:75,16,0,1
BRDA:75,17,0,2
BRDA:75,18,0,1
BRDA:75,19,0,2
BRDA:75,20,0,0
BRDA:75,21,0,3
BRDA:75,22,0,3
BRDA:75,23,0,3
BRDA:75,24,0,0
BRDA:75,25,0,6
BRDA:75,26,0,0
BRDA:75,27,0,0
BRDA:75,28,0,0
BRDA:75,29,0,0
BRDA:75,30,0,3
BRDA:75,31,0,3
BRDA:75,32,0,2
BRDA:75,33,0,0
BRDA:75,34,0,0
BRDA:75,35,0,1
BRDA:75,36,0,0
BRDA:75,37,0,0
BRDA:75,38,0,0
BRDA:75,39,0,0
BRDA:75,40,0,0
BRDA:75,41,0,3
BRDA:75,42,0,0
BRDA:75,43,0,3
BRDA:75,44,0,1
BRDA:75,45,0,0
BRDA:75,46,0,1
BRDA:75,47,0,0
BRDA:75,48,0,2
BRDA:75,49,0,0
BRDA:22,50,0,1
BRDA:23,51,0,1
BRDA:31,52,0,1
BRDA:75,53,0,1
BRDA:75,54,0,3
BRDA:32,55,0,1
BRDA:75,56,0,1
BRDA:34,57,0,0
BRDA:75,58,0,1
BRDA:47,59,0,0
BRF:60
BRH:35
end_of_record
TN:
SF:src/modules/users/services/CreateUserService.ts
FN:39,__decorate
FN:39,__metadata
FN:39,__param
FN:39,__awaiter
FN:39,adopt
FN:39,fulfilled
FN:39,rejected
FN:39,step
FN:39,__generator
FN:39,sent
FN:39,g.<computed>
FN:39,verb
FN:39,step
FN:39,__importDefault
FN:15,CreateUserService
FN:23,CreateUserService.execute
FNF:16
FNH:14
FNDA:2,__decorate
FNDA:2,__metadata
FNDA:4,__param
FNDA:4,__awaiter
FNDA:10,adopt
FNDA:10,fulfilled
FNDA:0,rejected
FNDA:13,step
FNDA:4,__generator
FNDA:10,sent
FNDA:0,g.<computed>
FNDA:12,verb
FNDA:14,step
FNDA:2,__importDefault
FNDA:3,CreateUserService
FNDA:4,CreateUserService.execute
DA:1,1
DA:2,1
DA:3,1
DA:4,1
DA:5,1
DA:6,1
DA:7,1
DA:8,1
DA:9,1
DA:10,1
DA:11,1
DA:12,1
DA:13,1
DA:14,2
DA:15,2
DA:16,3
DA:17,3
DA:18,3
DA:19,3
DA:20,3
DA:21,3
DA:22,2
DA:23,2
DA:24,4
DA:25,4
DA:26,4
DA:27,1
DA:28,1
DA:29,3
DA:30,4
DA:31,4
DA:32,4
DA:33,4
DA:34,4
DA:35,4
DA:36,4
DA:37,4
DA:38,4
DA:39,2
LF:39
LH:39
BRDA:39,0,0,2
BRDA:39,1,0,2
BRDA:39,2,0,0
BRDA:39,3,0,0
BRDA:39,4,0,0
BRDA:39,5,0,0
BRDA:39,6,0,2
BRDA:39,7,0,4
BRDA:39,8,0,4
BRDA:39,9,0,4
BRDA:39,10,0,10
BRDA:39,11,0,0
BRDA:39,12,0,4
BRDA:39,13,0,10
BRDA:39,14,0,9
BRDA:39,15,0,1
BRDA:39,16,0,13
BRDA:39,17,0,3
BRDA:39,18,0,10
BRDA:39,19,0,4
BRDA:39,20,0,10
BRDA:39,21,0,0
BRDA:39,22,0,12
BRDA:39,23,0,14
BRDA:39,24,0,14
BRDA:39,25,0,0
BRDA:39,26,0,28
BRDA:39,27,0,0
BRDA:39,28,0,0
BRDA:39,29,0,0
BRDA:39,30,0,0
BRDA:39,31,0,14
BRDA:39,32,0,14
BRDA:39,33,0,10
BRDA:39,34,0,0
BRDA:39,35,0,0
BRDA:39,36,0,4
BRDA:39,37,0,0
BRDA:39,38,0,3
BRDA:39,39,0,0
BRDA:39,40,0,0
BRDA:39,41,0,0
BRDA:39,42,0,0
BRDA:39,43,0,24
BRDA:39,44,0,14
BRDA:39,45,0,13
BRDA:39,46,0,1
BRDA:39,47,0,14
BRDA:39,48,0,4
BRDA:39,49,0,1
BRDA:39,50,0,3
BRDA:39,51,0,0
BRDA:39,52,0,2
BRDA:39,53,0,0
BRDA:14,54,0,2
BRDA:15,55,0,3
BRDA:23,56,0,4
BRDA:39,57,0,4
BRDA:39,58,0,14
BRDA:24,59,0,4
BRDA:39,60,0,4
BRDA:26,61,0,1
BRDA:28,62,0,3
BRDA:39,63,0,3
BRDA:39,64,0,3
BRF:65
BRH:45
end_of_record
TN:
SF:src/modules/users/services/UpdateUserAvatarService.ts
FN:1,(empty-report)
FNF:1
FNH:0
FNDA:0,(empty-report)
DA:1,0
DA:2,0
DA:3,0
DA:4,0
DA:5,0
DA:6,0
DA:7,0
DA:8,0
DA:9,0
DA:10,0
DA:11,0
DA:12,0
DA:13,0
DA:14,0
DA:15,0
DA:16,0
DA:17,0
DA:18,0
DA:19,0
DA:20,0
DA:21,0
DA:22,0
DA:23,0
DA:24,0
DA:25,0
DA:26,0
DA:27,0
DA:28,0
DA:29,0
DA:30,0
DA:31,0
DA:32,0
DA:33,0
DA:34,0
DA:35,0
DA:36,0
DA:37,0
DA:38,0
DA:39,0
DA:40,0
DA:41,0
DA:42,0
DA:43,0
DA:44,0
DA:45,0
DA:46,0
DA:47,0
DA:48,0
LF:48
LH:0
BRDA:1,0,0,0
BRF:1
BRH:0
end_of_record
